<?xml version="1.0" encoding="UTF-8" ?>
<context xmlns="https://maequise.com/context">

    <scan-component base-package="com.maequise.context"/>

    <bean id="test" name="testBean" class="" />
</context>